<?xml version="1.0" encoding="UTF-8"?>
<!-- Generated by org.testng.reporters.JUnitReportReporter -->
<testsuite skipped="0" hostname="DESKTOP-NNKP2EV" name="com.test.IntegrationTest" tests="1" failures="0" timestamp="2020-04-20T23:48:31 PDT" time="3.764" errors="0">
  <testcase name="integrationTest" time="3.764" classname="com.test.IntegrationTest"/>
</testsuite> <!-- com.test.IntegrationTest -->
