<?xml version="1.0" encoding="UTF-8"?>
<!-- Generated by org.testng.reporters.JUnitReportReporter -->
<testsuite skipped="0" hostname="DESKTOP-NNKP2EV" name="com.test.LoginPageTest" tests="3" failures="0" timestamp="2020-04-26T23:41:15 PDT" time="15.293" errors="0">
  <testcase name="clickSigninLinkTest" time="1.909" classname="com.test.LoginPageTest"/>
  <testcase name="createNewTaskTest" time="7.185" classname="com.test.LoginPageTest"/>
  <testcase name="createNewTaskTest" time="6.199" classname="com.test.LoginPageTest"/>
</testsuite> <!-- com.test.LoginPageTest -->
